<?xml version="1.0" encoding="UTF-8"?>
<!-- Generated by org.testng.reporters.JUnitXMLReporter -->
<testsuite hostname="ASDA1713PO02529" name="Test" tests="2" failures="1" timestamp="5 Feb 2019 12:04:26 GMT" time="0.041" errors="0">
  <testcase name="testCaptialLetters" time="0.016" classname="com.qainfotech.testNGdemo.ConsecutiveLettersTest">
    <failure type="java.lang.AssertionError" message="expected:&amp;lt;[hello, bellow]&amp;gt; but was:&amp;lt;[]&amp;gt;">
      <![CDATA[java.lang.AssertionError: expected:<[hello, bellow]> but was:<[]>
	at com.qainfotech.testNGdemo.ConsecutiveLettersTest.testCaptialLetters(ConsecutiveLettersTest.java:45)
... Removed 28 stack frames]]>
    </failure>
  </testcase> <!-- testCaptialLetters -->
  <testcase name="testConsecutiveLetters" time="0.002" classname="com.qainfotech.testNGdemo.ConsecutiveLettersTest"/>
</testsuite> <!-- Test -->
