<?xml version="1.0" encoding="UTF-8"?>
<testng-results skipped="0" failed="0" total="3" passed="3">
  <reporter-output>
  </reporter-output>
  <suite name="Default suite" duration-ms="51" started-at="2019-02-05T12:13:33Z" finished-at="2019-02-05T12:13:33Z">
    <groups>
    </groups>
    <test name="Default test" duration-ms="51" started-at="2019-02-05T12:13:33Z" finished-at="2019-02-05T12:13:33Z">
      <class name="com.qainfotech.testNGdemo.ConsecutiveLettersTest">
        <test-method status="PASS" signature="testCapitalLetters()[pri:0, instance:com.qainfotech.testNGdemo.ConsecutiveLettersTest@26f67b76]" name="testCapitalLetters" duration-ms="24" started-at="2019-02-05T17:43:33Z" finished-at="2019-02-05T17:43:33Z">
          <reporter-output>
          </reporter-output>
        </test-method> <!-- testCapitalLetters -->
        <test-method status="PASS" signature="testLowerLetters()[pri:0, instance:com.qainfotech.testNGdemo.ConsecutiveLettersTest@26f67b76]" name="testLowerLetters" duration-ms="4" started-at="2019-02-05T17:43:33Z" finished-at="2019-02-05T17:43:33Z">
          <reporter-output>
          </reporter-output>
        </test-method> <!-- testLowerLetters -->
        <test-method status="PASS" signature="testMixedLetters()[pri:0, instance:com.qainfotech.testNGdemo.ConsecutiveLettersTest@26f67b76]" name="testMixedLetters" duration-ms="1" started-at="2019-02-05T17:43:33Z" finished-at="2019-02-05T17:43:33Z">
          <reporter-output>
          </reporter-output>
        </test-method> <!-- testMixedLetters -->
      </class> <!-- com.qainfotech.testNGdemo.ConsecutiveLettersTest -->
    </test> <!-- Default test -->
  </suite> <!-- Default suite -->
</testng-results>
